<?xml version="1.0" encoding="UTF-8"?>
<!-- Generated by org.testng.reporters.JUnitXMLReporter -->
<testsuite ignored="0" hostname="DESKTOP-KGG5UAU" failures="0" tests="1" name="Test1" time="0.109" errors="0" timestamp="2021-12-21T15:26:14 IST">
  <testcase classname="com.Utility.BaseClass" name="@BeforeSuite BS" time="0.609">
    <failure type="java.lang.NoSuchFieldError" message="Factory">
      <![CDATA[java.lang.NoSuchFieldError: Factory
at org.apache.poi.xssf.model.ThemesTable.<init>(ThemesTable.java:86)
at org.apache.poi.ooxml.POIXMLFactory.createDocumentPart(POIXMLFactory.java:61)
at org.apache.poi.ooxml.POIXMLDocumentPart.read(POIXMLDocumentPart.java:661)
at org.apache.poi.ooxml.POIXMLDocument.load(POIXMLDocument.java:165)
at org.apache.poi.xssf.usermodel.XSSFWorkbook.<init>(XSSFWorkbook.java:275)
at org.apache.poi.xssf.usermodel.XSSFWorkbook.<init>(XSSFWorkbook.java:296)
at com.Utility.ExcelDataProvider.<init>(ExcelDataProvider.java:18)
at com.Utility.BaseClass.BS(BaseClass.java:26)
... Removed 19 stack frames]]>
    </failure>
  </testcase> <!-- @BeforeSuite BS -->
  <testcase classname="com.Utility.BaseClass" name="@BeforeMethod Setup" time="-1.640080574655E9">
    <skipped/>
  </testcase> <!-- @BeforeMethod Setup -->
  <testcase classname="com.Utility.BaseClass" name="@AfterMethod tearDown" time="-1.640080574679E9">
    <skipped/>
  </testcase> <!-- @AfterMethod tearDown -->
  <testcase classname="com.Test.Test_001" name="verifyT01" time="0.0">
    <skipped/>
  </testcase> <!-- verifyT01 -->
</testsuite> <!-- Test1 -->
